<?xml version="1.0" encoding="UTF-8"?>
<!-- Generated by org.testng.reporters.JUnitReportReporter -->
<testsuite hostname="shanks" failures="0" tests="2" name="shanks.tests.ErrorValidationsTest" time="8.842" errors="0" timestamp="2024-06-28T16:41:27 IST" skipped="0">
  <testcase classname="shanks.tests.ErrorValidationsTest" name="ProductErrorValidation" time="5.007"/>
  <testcase classname="shanks.tests.ErrorValidationsTest" name="LoginErrorValidation" time="3.835"/>
</testsuite> <!-- shanks.tests.ErrorValidationsTest -->
